CRITICAL - 2023-07-08 13:19:13 --> syntax error, unexpected token "return"
in APPPATH\Controllers\Karakter.php on line 15.
 1 SYSTEMPATH\Router\Router.php(507): CodeIgniter\Router\AutoRouter->getRoute('Karakter/simpan', 'post')
 2 SYSTEMPATH\Router\Router.php(206): CodeIgniter\Router\Router->autoRoute('Karakter/simpan')
 3 SYSTEMPATH\CodeIgniter.php(813): CodeIgniter\Router\Router->handle('Karakter/simpan')
 4 SYSTEMPATH\CodeIgniter.php(447): CodeIgniter\CodeIgniter->tryToRouteIt(Object(CodeIgniter\Router\RouteCollection))
 5 SYSTEMPATH\CodeIgniter.php(366): CodeIgniter\CodeIgniter->handleRequest(null, Object(Config\Cache), false)
 6 FCPATH\index.php(67): CodeIgniter\CodeIgniter->run()
CRITICAL - 2023-07-08 13:19:16 --> syntax error, unexpected token "return"
in APPPATH\Controllers\Karakter.php on line 15.
 1 SYSTEMPATH\Router\Router.php(507): CodeIgniter\Router\AutoRouter->getRoute('Karakter/simpan', 'post')
 2 SYSTEMPATH\Router\Router.php(206): CodeIgniter\Router\Router->autoRoute('Karakter/simpan')
 3 SYSTEMPATH\CodeIgniter.php(813): CodeIgniter\Router\Router->handle('Karakter/simpan')
 4 SYSTEMPATH\CodeIgniter.php(447): CodeIgniter\CodeIgniter->tryToRouteIt(Object(CodeIgniter\Router\RouteCollection))
 5 SYSTEMPATH\CodeIgniter.php(366): CodeIgniter\CodeIgniter->handleRequest(null, Object(Config\Cache), false)
 6 FCPATH\index.php(67): CodeIgniter\CodeIgniter->run()
CRITICAL - 2023-07-08 13:19:18 --> syntax error, unexpected token "return"
in APPPATH\Controllers\Karakter.php on line 15.
 1 SYSTEMPATH\Router\Router.php(507): CodeIgniter\Router\AutoRouter->getRoute('Karakter', 'get')
 2 SYSTEMPATH\Router\Router.php(206): CodeIgniter\Router\Router->autoRoute('Karakter')
 3 SYSTEMPATH\CodeIgniter.php(813): CodeIgniter\Router\Router->handle('Karakter')
 4 SYSTEMPATH\CodeIgniter.php(447): CodeIgniter\CodeIgniter->tryToRouteIt(Object(CodeIgniter\Router\RouteCollection))
 5 SYSTEMPATH\CodeIgniter.php(366): CodeIgniter\CodeIgniter->handleRequest(null, Object(Config\Cache), false)
 6 FCPATH\index.php(67): CodeIgniter\CodeIgniter->run()
CRITICAL - 2023-07-08 13:19:58 --> syntax error, unexpected token "return"
in APPPATH\Controllers\Karakter.php on line 15.
 1 SYSTEMPATH\Router\Router.php(507): CodeIgniter\Router\AutoRouter->getRoute('Karakter', 'get')
 2 SYSTEMPATH\Router\Router.php(206): CodeIgniter\Router\Router->autoRoute('Karakter')
 3 SYSTEMPATH\CodeIgniter.php(813): CodeIgniter\Router\Router->handle('Karakter')
 4 SYSTEMPATH\CodeIgniter.php(447): CodeIgniter\CodeIgniter->tryToRouteIt(Object(CodeIgniter\Router\RouteCollection))
 5 SYSTEMPATH\CodeIgniter.php(366): CodeIgniter\CodeIgniter->handleRequest(null, Object(Config\Cache), false)
 6 FCPATH\index.php(67): CodeIgniter\CodeIgniter->run()
CRITICAL - 2023-07-08 15:26:08 --> syntax error, unexpected single-quoted string "errors", expecting "]"
in APPPATH\Controllers\Karakter.php on line 18.
 1 SYSTEMPATH\Router\Router.php(507): CodeIgniter\Router\AutoRouter->getRoute('Karakter', 'get')
 2 SYSTEMPATH\Router\Router.php(206): CodeIgniter\Router\Router->autoRoute('Karakter')
 3 SYSTEMPATH\CodeIgniter.php(813): CodeIgniter\Router\Router->handle('Karakter')
 4 SYSTEMPATH\CodeIgniter.php(447): CodeIgniter\CodeIgniter->tryToRouteIt(Object(CodeIgniter\Router\RouteCollection))
 5 SYSTEMPATH\CodeIgniter.php(366): CodeIgniter\CodeIgniter->handleRequest(null, Object(Config\Cache), false)
 6 FCPATH\index.php(67): CodeIgniter\CodeIgniter->run()
CRITICAL - 2023-07-08 15:27:09 --> syntax error, unexpected token "if"
in APPPATH\Controllers\Karakter.php on line 43.
 1 SYSTEMPATH\Router\Router.php(507): CodeIgniter\Router\AutoRouter->getRoute('Karakter', 'get')
 2 SYSTEMPATH\Router\Router.php(206): CodeIgniter\Router\Router->autoRoute('Karakter')
 3 SYSTEMPATH\CodeIgniter.php(813): CodeIgniter\Router\Router->handle('Karakter')
 4 SYSTEMPATH\CodeIgniter.php(447): CodeIgniter\CodeIgniter->tryToRouteIt(Object(CodeIgniter\Router\RouteCollection))
 5 SYSTEMPATH\CodeIgniter.php(366): CodeIgniter\CodeIgniter->handleRequest(null, Object(Config\Cache), false)
 6 FCPATH\index.php(67): CodeIgniter\CodeIgniter->run()
CRITICAL - 2023-07-08 15:28:14 --> syntax error, unexpected token "if"
in APPPATH\Controllers\Karakter.php on line 43.
 1 SYSTEMPATH\Router\Router.php(507): CodeIgniter\Router\AutoRouter->getRoute('Karakter', 'get')
 2 SYSTEMPATH\Router\Router.php(206): CodeIgniter\Router\Router->autoRoute('Karakter')
 3 SYSTEMPATH\CodeIgniter.php(813): CodeIgniter\Router\Router->handle('Karakter')
 4 SYSTEMPATH\CodeIgniter.php(447): CodeIgniter\CodeIgniter->tryToRouteIt(Object(CodeIgniter\Router\RouteCollection))
 5 SYSTEMPATH\CodeIgniter.php(366): CodeIgniter\CodeIgniter->handleRequest(null, Object(Config\Cache), false)
 6 FCPATH\index.php(67): CodeIgniter\CodeIgniter->run()
CRITICAL - 2023-07-08 17:05:53 --> Undefined constant "nomor"
in APPPATH\Views\karakter_view.php on line 107.
 1 SYSTEMPATH\View\View.php(224): include()
 2 SYSTEMPATH\View\View.php(227): CodeIgniter\View\View->CodeIgniter\View\{closure}()
 3 SYSTEMPATH\Common.php(1180): CodeIgniter\View\View->render('karakter_view', [], true)
 4 APPPATH\Controllers\Karakter.php(73): view('karakter_view', [...])
 5 SYSTEMPATH\CodeIgniter.php(932): App\Controllers\Karakter->index()
 6 SYSTEMPATH\CodeIgniter.php(497): CodeIgniter\CodeIgniter->runController(Object(App\Controllers\Karakter))
 7 SYSTEMPATH\CodeIgniter.php(366): CodeIgniter\CodeIgniter->handleRequest(null, Object(Config\Cache), false)
 8 FCPATH\index.php(67): CodeIgniter\CodeIgniter->run()
CRITICAL - 2023-07-08 17:07:17 --> Undefined constant "nomor"
in APPPATH\Views\karakter_view.php on line 107.
 1 SYSTEMPATH\View\View.php(224): include()
 2 SYSTEMPATH\View\View.php(227): CodeIgniter\View\View->CodeIgniter\View\{closure}()
 3 SYSTEMPATH\Common.php(1180): CodeIgniter\View\View->render('karakter_view', [], true)
 4 APPPATH\Controllers\Karakter.php(73): view('karakter_view', [...])
 5 SYSTEMPATH\CodeIgniter.php(932): App\Controllers\Karakter->index()
 6 SYSTEMPATH\CodeIgniter.php(497): CodeIgniter\CodeIgniter->runController(Object(App\Controllers\Karakter))
 7 SYSTEMPATH\CodeIgniter.php(366): CodeIgniter\CodeIgniter->handleRequest(null, Object(Config\Cache), false)
 8 FCPATH\index.php(67): CodeIgniter\CodeIgniter->run()
CRITICAL - 2023-07-08 17:25:40 --> Undefined constant "App\Models\arr_katakunci"
in APPPATH\Models\ModelKarakter.php on line 17.
 1 APPPATH\Controllers\Karakter.php(72): App\Models\ModelKarakter->cari('gabimaru')
 2 SYSTEMPATH\CodeIgniter.php(932): App\Controllers\Karakter->index()
 3 SYSTEMPATH\CodeIgniter.php(497): CodeIgniter\CodeIgniter->runController(Object(App\Controllers\Karakter))
 4 SYSTEMPATH\CodeIgniter.php(366): CodeIgniter\CodeIgniter->handleRequest(null, Object(Config\Cache), false)
 5 FCPATH\index.php(67): CodeIgniter\CodeIgniter->run()
CRITICAL - 2023-07-08 17:26:32 --> Undefined constant "App\Models\arr_katakunci"
in APPPATH\Models\ModelKarakter.php on line 17.
 1 APPPATH\Controllers\Karakter.php(72): App\Models\ModelKarakter->cari('Gabimaru')
 2 SYSTEMPATH\CodeIgniter.php(932): App\Controllers\Karakter->index()
 3 SYSTEMPATH\CodeIgniter.php(497): CodeIgniter\CodeIgniter->runController(Object(App\Controllers\Karakter))
 4 SYSTEMPATH\CodeIgniter.php(366): CodeIgniter\CodeIgniter->handleRequest(null, Object(Config\Cache), false)
 5 FCPATH\index.php(67): CodeIgniter\CodeIgniter->run()
CRITICAL - 2023-07-08 17:26:47 --> Undefined constant "App\Models\arr_katakunci"
in APPPATH\Models\ModelKarakter.php on line 17.
 1 APPPATH\Controllers\Karakter.php(72): App\Models\ModelKarakter->cari('Nurugai')
 2 SYSTEMPATH\CodeIgniter.php(932): App\Controllers\Karakter->index()
 3 SYSTEMPATH\CodeIgniter.php(497): CodeIgniter\CodeIgniter->runController(Object(App\Controllers\Karakter))
 4 SYSTEMPATH\CodeIgniter.php(366): CodeIgniter\CodeIgniter->handleRequest(null, Object(Config\Cache), false)
 5 FCPATH\index.php(67): CodeIgniter\CodeIgniter->run()
CRITICAL - 2023-07-08 19:12:22 --> syntax error, unexpected token "if"
in APPPATH\Controllers\Karakter.php on line 91.
 1 SYSTEMPATH\Router\Router.php(507): CodeIgniter\Router\AutoRouter->getRoute('Karakter', 'get')
 2 SYSTEMPATH\Router\Router.php(206): CodeIgniter\Router\Router->autoRoute('Karakter')
 3 SYSTEMPATH\CodeIgniter.php(813): CodeIgniter\Router\Router->handle('Karakter')
 4 SYSTEMPATH\CodeIgniter.php(447): CodeIgniter\CodeIgniter->tryToRouteIt(Object(CodeIgniter\Router\RouteCollection))
 5 SYSTEMPATH\CodeIgniter.php(366): CodeIgniter\CodeIgniter->handleRequest(null, Object(Config\Cache), false)
 6 FCPATH\index.php(67): CodeIgniter\CodeIgniter->run()
CRITICAL - 2023-07-08 19:30:12 --> Unparenthesized `a ? b : c ? d : e` is not supported. Use either `(a ? b : c) ? d : e` or `a ? b : (c ? d : e)`
in APPPATH\Controllers\Karakter.php on line 91.
 1 [internal function]: CodeIgniter\Debug\Exceptions->shutdownHandler()
CRITICAL - 2023-07-08 19:37:22 --> Unsupported operand types: App\Controllers\Karakter + int
in APPPATH\Views\karakter_view.php on line 105.
 1 SYSTEMPATH\View\View.php(224): include()
 2 SYSTEMPATH\View\View.php(227): CodeIgniter\View\View->CodeIgniter\View\{closure}()
 3 SYSTEMPATH\Common.php(1180): CodeIgniter\View\View->render('karakter_view', [], true)
 4 APPPATH\Controllers\Karakter.php(92): view('karakter_view', [...])
 5 SYSTEMPATH\CodeIgniter.php(932): App\Controllers\Karakter->index()
 6 SYSTEMPATH\CodeIgniter.php(497): CodeIgniter\CodeIgniter->runController(Object(App\Controllers\Karakter))
 7 SYSTEMPATH\CodeIgniter.php(366): CodeIgniter\CodeIgniter->handleRequest(null, Object(Config\Cache), false)
 8 FCPATH\index.php(67): CodeIgniter\CodeIgniter->run()
CRITICAL - 2023-07-08 19:37:51 --> Unsupported operand types: App\Controllers\Karakter + int
in APPPATH\Views\karakter_view.php on line 105.
 1 SYSTEMPATH\View\View.php(224): include()
 2 SYSTEMPATH\View\View.php(227): CodeIgniter\View\View->CodeIgniter\View\{closure}()
 3 SYSTEMPATH\Common.php(1180): CodeIgniter\View\View->render('karakter_view', [], true)
 4 APPPATH\Controllers\Karakter.php(92): view('karakter_view', [...])
 5 SYSTEMPATH\CodeIgniter.php(932): App\Controllers\Karakter->index()
 6 SYSTEMPATH\CodeIgniter.php(497): CodeIgniter\CodeIgniter->runController(Object(App\Controllers\Karakter))
 7 SYSTEMPATH\CodeIgniter.php(366): CodeIgniter\CodeIgniter->handleRequest(null, Object(Config\Cache), false)
 8 FCPATH\index.php(67): CodeIgniter\CodeIgniter->run()
CRITICAL - 2023-07-08 19:39:02 --> Undefined property: CodeIgniter\HTTP\IncomingRequest::$getGet
in APPPATH\Controllers\Karakter.php on line 91.
 1 APPPATH\Controllers\Karakter.php(91): CodeIgniter\Debug\Exceptions->errorHandler(2, 'Undefined property: CodeIgniter\\HTTP\\IncomingRequest::$getGet', 'C:\\xampp\\htdocs\\Jigokuraku\\app\\Controllers\\Karakter.php', 91)
 2 SYSTEMPATH\CodeIgniter.php(932): App\Controllers\Karakter->index()
 3 SYSTEMPATH\CodeIgniter.php(497): CodeIgniter\CodeIgniter->runController(Object(App\Controllers\Karakter))
 4 SYSTEMPATH\CodeIgniter.php(366): CodeIgniter\CodeIgniter->handleRequest(null, Object(Config\Cache), false)
 5 FCPATH\index.php(67): CodeIgniter\CodeIgniter->run()
CRITICAL - 2023-07-08 19:41:50 --> Unsupported operand types: App\Controllers\Karakter + int
in APPPATH\Views\karakter_view.php on line 105.
 1 SYSTEMPATH\View\View.php(224): include()
 2 SYSTEMPATH\View\View.php(227): CodeIgniter\View\View->CodeIgniter\View\{closure}()
 3 SYSTEMPATH\Common.php(1180): CodeIgniter\View\View->render('karakter_view', [], true)
 4 APPPATH\Controllers\Karakter.php(92): view('karakter_view', [...])
 5 SYSTEMPATH\CodeIgniter.php(932): App\Controllers\Karakter->index()
 6 SYSTEMPATH\CodeIgniter.php(497): CodeIgniter\CodeIgniter->runController(Object(App\Controllers\Karakter))
 7 SYSTEMPATH\CodeIgniter.php(366): CodeIgniter\CodeIgniter->handleRequest(null, Object(Config\Cache), false)
 8 FCPATH\index.php(67): CodeIgniter\CodeIgniter->run()
CRITICAL - 2023-07-08 19:45:27 --> Unsupported operand types: App\Controllers\Karakter + int
in APPPATH\Views\karakter_view.php on line 105.
 1 SYSTEMPATH\View\View.php(224): include()
 2 SYSTEMPATH\View\View.php(227): CodeIgniter\View\View->CodeIgniter\View\{closure}()
 3 SYSTEMPATH\Common.php(1180): CodeIgniter\View\View->render('karakter_view', [], true)
 4 APPPATH\Controllers\Karakter.php(92): view('karakter_view', [...])
 5 SYSTEMPATH\CodeIgniter.php(932): App\Controllers\Karakter->index()
 6 SYSTEMPATH\CodeIgniter.php(497): CodeIgniter\CodeIgniter->runController(Object(App\Controllers\Karakter))
 7 SYSTEMPATH\CodeIgniter.php(366): CodeIgniter\CodeIgniter->handleRequest(null, Object(Config\Cache), false)
 8 FCPATH\index.php(67): CodeIgniter\CodeIgniter->run()
CRITICAL - 2023-07-08 19:47:39 --> Unsupported operand types: App\Controllers\Karakter + int
in APPPATH\Views\karakter_view.php on line 105.
 1 SYSTEMPATH\View\View.php(224): include()
 2 SYSTEMPATH\View\View.php(227): CodeIgniter\View\View->CodeIgniter\View\{closure}()
 3 SYSTEMPATH\Common.php(1180): CodeIgniter\View\View->render('karakter_view', [], true)
 4 APPPATH\Controllers\Karakter.php(92): view('karakter_view', [...])
 5 SYSTEMPATH\CodeIgniter.php(932): App\Controllers\Karakter->index()
 6 SYSTEMPATH\CodeIgniter.php(497): CodeIgniter\CodeIgniter->runController(Object(App\Controllers\Karakter))
 7 SYSTEMPATH\CodeIgniter.php(366): CodeIgniter\CodeIgniter->handleRequest(null, Object(Config\Cache), false)
 8 FCPATH\index.php(67): CodeIgniter\CodeIgniter->run()
CRITICAL - 2023-07-08 19:48:08 --> Unsupported operand types: CodeIgniter\HTTP\IncomingRequest + int
in APPPATH\Views\karakter_view.php on line 105.
 1 SYSTEMPATH\View\View.php(224): include()
 2 SYSTEMPATH\View\View.php(227): CodeIgniter\View\View->CodeIgniter\View\{closure}()
 3 SYSTEMPATH\Common.php(1180): CodeIgniter\View\View->render('karakter_view', [], true)
 4 APPPATH\Controllers\Karakter.php(92): view('karakter_view', [...])
 5 SYSTEMPATH\CodeIgniter.php(932): App\Controllers\Karakter->index()
 6 SYSTEMPATH\CodeIgniter.php(497): CodeIgniter\CodeIgniter->runController(Object(App\Controllers\Karakter))
 7 SYSTEMPATH\CodeIgniter.php(366): CodeIgniter\CodeIgniter->handleRequest(null, Object(Config\Cache), false)
 8 FCPATH\index.php(67): CodeIgniter\CodeIgniter->run()
CRITICAL - 2023-07-08 19:48:09 --> Unsupported operand types: CodeIgniter\HTTP\IncomingRequest + int
in APPPATH\Views\karakter_view.php on line 105.
 1 SYSTEMPATH\View\View.php(224): include()
 2 SYSTEMPATH\View\View.php(227): CodeIgniter\View\View->CodeIgniter\View\{closure}()
 3 SYSTEMPATH\Common.php(1180): CodeIgniter\View\View->render('karakter_view', [], true)
 4 APPPATH\Controllers\Karakter.php(92): view('karakter_view', [...])
 5 SYSTEMPATH\CodeIgniter.php(932): App\Controllers\Karakter->index()
 6 SYSTEMPATH\CodeIgniter.php(497): CodeIgniter\CodeIgniter->runController(Object(App\Controllers\Karakter))
 7 SYSTEMPATH\CodeIgniter.php(366): CodeIgniter\CodeIgniter->handleRequest(null, Object(Config\Cache), false)
 8 FCPATH\index.php(67): CodeIgniter\CodeIgniter->run()
CRITICAL - 2023-07-08 19:52:55 --> filter_var(): Unknown filter with ID 5
in SYSTEMPATH\HTTP\RequestTrait.php on line 330.
 1 [internal function]: CodeIgniter\Debug\Exceptions->errorHandler(2, 'filter_var(): Unknown filter with ID 5', 'C:\\xampp\\htdocs\\Jigokuraku\\vendor\\codeigniter4\\framework\\system\\HTTP\\RequestTrait.php', 330)
 2 SYSTEMPATH\HTTP\RequestTrait.php(330): filter_var('2', 5, 0)
 3 SYSTEMPATH\HTTP\IncomingRequest.php(768): CodeIgniter\HTTP\Request->fetchGlobal('get', 'page', 5, 0)
 4 APPPATH\Controllers\Karakter.php(91): CodeIgniter\HTTP\IncomingRequest->getGet('page', '5')
 5 SYSTEMPATH\CodeIgniter.php(932): App\Controllers\Karakter->index()
 6 SYSTEMPATH\CodeIgniter.php(497): CodeIgniter\CodeIgniter->runController(Object(App\Controllers\Karakter))
 7 SYSTEMPATH\CodeIgniter.php(366): CodeIgniter\CodeIgniter->handleRequest(null, Object(Config\Cache), false)
 8 FCPATH\index.php(67): CodeIgniter\CodeIgniter->run()
ERROR - 2023-07-08 23:18:16 --> Error connecting to the database: mysqli_sql_exception: Access denied for user 'id21014358_root'@'localhost' (using password: YES) in C:\xampp\htdocs\Jigokuraku\vendor\codeigniter4\framework\system\Database\MySQLi\Connection.php:174
Stack trace:
#0 C:\xampp\htdocs\Jigokuraku\vendor\codeigniter4\framework\system\Database\MySQLi\Connection.php(174): mysqli->real_connect('localhost', 'id21014358_root', '@Abil773', 'id21014358_jigo...', 3306, '', 0)
#1 C:\xampp\htdocs\Jigokuraku\vendor\codeigniter4\framework\system\Database\BaseConnection.php(391): CodeIgniter\Database\MySQLi\Connection->connect(false)
#2 C:\xampp\htdocs\Jigokuraku\vendor\codeigniter4\framework\system\Database\BaseConnection.php(574): CodeIgniter\Database\BaseConnection->initialize()
#3 C:\xampp\htdocs\Jigokuraku\vendor\codeigniter4\framework\system\Database\BaseBuilder.php(2791): CodeIgniter\Database\BaseConnection->query('DELETE FROM `ka...', Array, false)
#4 C:\xampp\htdocs\Jigokuraku\vendor\codeigniter4\framework\system\Model.php(456): CodeIgniter\Database\BaseBuilder->delete()
#5 C:\xampp\htdocs\Jigokuraku\vendor\codeigniter4\framework\system\BaseModel.php(1065): CodeIgniter\Model->doDelete(Array, false)
#6 C:\xampp\htdocs\Jigokuraku\app\Controllers\Karakter.php(13): CodeIgniter\BaseModel->delete(Array)
#7 C:\xampp\htdocs\Jigokuraku\vendor\codeigniter4\framework\system\CodeIgniter.php(932): App\Controllers\Karakter->hapus('5')
#8 C:\xampp\htdocs\Jigokuraku\vendor\codeigniter4\framework\system\CodeIgniter.php(497): CodeIgniter\CodeIgniter->runController(Object(App\Controllers\Karakter))
#9 C:\xampp\htdocs\Jigokuraku\vendor\codeigniter4\framework\system\CodeIgniter.php(366): CodeIgniter\CodeIgniter->handleRequest(NULL, Object(Config\Cache), false)
#10 C:\xampp\htdocs\Jigokuraku\public\index.php(67): CodeIgniter\CodeIgniter->run()
#11 {main}

Next CodeIgniter\Database\Exceptions\DatabaseException: Access denied for user '****'@'localhost' (using password: YES) in C:\xampp\htdocs\Jigokuraku\vendor\codeigniter4\framework\system\Database\MySQLi\Connection.php:218
Stack trace:
#0 C:\xampp\htdocs\Jigokuraku\vendor\codeigniter4\framework\system\Database\BaseConnection.php(391): CodeIgniter\Database\MySQLi\Connection->connect(false)
#1 C:\xampp\htdocs\Jigokuraku\vendor\codeigniter4\framework\system\Database\BaseConnection.php(574): CodeIgniter\Database\BaseConnection->initialize()
#2 C:\xampp\htdocs\Jigokuraku\vendor\codeigniter4\framework\system\Database\BaseBuilder.php(2791): CodeIgniter\Database\BaseConnection->query('DELETE FROM `ka...', Array, false)
#3 C:\xampp\htdocs\Jigokuraku\vendor\codeigniter4\framework\system\Model.php(456): CodeIgniter\Database\BaseBuilder->delete()
#4 C:\xampp\htdocs\Jigokuraku\vendor\codeigniter4\framework\system\BaseModel.php(1065): CodeIgniter\Model->doDelete(Array, false)
#5 C:\xampp\htdocs\Jigokuraku\app\Controllers\Karakter.php(13): CodeIgniter\BaseModel->delete(Array)
#6 C:\xampp\htdocs\Jigokuraku\vendor\codeigniter4\framework\system\CodeIgniter.php(932): App\Controllers\Karakter->hapus('5')
#7 C:\xampp\htdocs\Jigokuraku\vendor\codeigniter4\framework\system\CodeIgniter.php(497): CodeIgniter\CodeIgniter->runController(Object(App\Controllers\Karakter))
#8 C:\xampp\htdocs\Jigokuraku\vendor\codeigniter4\framework\system\CodeIgniter.php(366): CodeIgniter\CodeIgniter->handleRequest(NULL, Object(Config\Cache), false)
#9 C:\xampp\htdocs\Jigokuraku\public\index.php(67): CodeIgniter\CodeIgniter->run()
#10 {main}
CRITICAL - 2023-07-08 23:18:16 --> Unable to connect to the database.
Main connection [MySQLi]: Access denied for user '****'@'localhost' (using password: YES)
in SYSTEMPATH\Database\BaseConnection.php on line 427.
 1 SYSTEMPATH\Database\BaseConnection.php(574): CodeIgniter\Database\BaseConnection->initialize()
 2 SYSTEMPATH\Database\BaseBuilder.php(2791): CodeIgniter\Database\BaseConnection->query('DELETE FROM `karakter`
WHERE `ID` IN :ID:', [...], false)
 3 SYSTEMPATH\Model.php(456): CodeIgniter\Database\BaseBuilder->delete()
 4 SYSTEMPATH\BaseModel.php(1065): CodeIgniter\Model->doDelete([...], false)
 5 APPPATH\Controllers\Karakter.php(13): CodeIgniter\BaseModel->delete([...])
 6 SYSTEMPATH\CodeIgniter.php(932): App\Controllers\Karakter->hapus('5')
 7 SYSTEMPATH\CodeIgniter.php(497): CodeIgniter\CodeIgniter->runController(Object(App\Controllers\Karakter))
 8 SYSTEMPATH\CodeIgniter.php(366): CodeIgniter\CodeIgniter->handleRequest(null, Object(Config\Cache), false)
 9 FCPATH\index.php(67): CodeIgniter\CodeIgniter->run()
ERROR - 2023-07-08 23:20:44 --> Error connecting to the database: mysqli_sql_exception: Access denied for user 'id21014358_root'@'localhost' (using password: YES) in C:\xampp\htdocs\Jigokuraku\vendor\codeigniter4\framework\system\Database\MySQLi\Connection.php:174
Stack trace:
#0 C:\xampp\htdocs\Jigokuraku\vendor\codeigniter4\framework\system\Database\MySQLi\Connection.php(174): mysqli->real_connect('localhost', 'id21014358_root', '@Abil773', 'id21014358_jigo...', 3306, '', 0)
#1 C:\xampp\htdocs\Jigokuraku\vendor\codeigniter4\framework\system\Database\BaseConnection.php(391): CodeIgniter\Database\MySQLi\Connection->connect(false)
#2 C:\xampp\htdocs\Jigokuraku\vendor\codeigniter4\framework\system\Database\BaseConnection.php(574): CodeIgniter\Database\BaseConnection->initialize()
#3 C:\xampp\htdocs\Jigokuraku\vendor\codeigniter4\framework\system\Database\BaseBuilder.php(2791): CodeIgniter\Database\BaseConnection->query('DELETE FROM `ka...', Array, false)
#4 C:\xampp\htdocs\Jigokuraku\vendor\codeigniter4\framework\system\Model.php(456): CodeIgniter\Database\BaseBuilder->delete()
#5 C:\xampp\htdocs\Jigokuraku\vendor\codeigniter4\framework\system\BaseModel.php(1065): CodeIgniter\Model->doDelete(Array, false)
#6 C:\xampp\htdocs\Jigokuraku\app\Controllers\Karakter.php(13): CodeIgniter\BaseModel->delete(Array)
#7 C:\xampp\htdocs\Jigokuraku\vendor\codeigniter4\framework\system\CodeIgniter.php(932): App\Controllers\Karakter->hapus('5')
#8 C:\xampp\htdocs\Jigokuraku\vendor\codeigniter4\framework\system\CodeIgniter.php(497): CodeIgniter\CodeIgniter->runController(Object(App\Controllers\Karakter))
#9 C:\xampp\htdocs\Jigokuraku\vendor\codeigniter4\framework\system\CodeIgniter.php(366): CodeIgniter\CodeIgniter->handleRequest(NULL, Object(Config\Cache), false)
#10 C:\xampp\htdocs\Jigokuraku\public\index.php(67): CodeIgniter\CodeIgniter->run()
#11 {main}

Next CodeIgniter\Database\Exceptions\DatabaseException: Access denied for user '****'@'localhost' (using password: YES) in C:\xampp\htdocs\Jigokuraku\vendor\codeigniter4\framework\system\Database\MySQLi\Connection.php:218
Stack trace:
#0 C:\xampp\htdocs\Jigokuraku\vendor\codeigniter4\framework\system\Database\BaseConnection.php(391): CodeIgniter\Database\MySQLi\Connection->connect(false)
#1 C:\xampp\htdocs\Jigokuraku\vendor\codeigniter4\framework\system\Database\BaseConnection.php(574): CodeIgniter\Database\BaseConnection->initialize()
#2 C:\xampp\htdocs\Jigokuraku\vendor\codeigniter4\framework\system\Database\BaseBuilder.php(2791): CodeIgniter\Database\BaseConnection->query('DELETE FROM `ka...', Array, false)
#3 C:\xampp\htdocs\Jigokuraku\vendor\codeigniter4\framework\system\Model.php(456): CodeIgniter\Database\BaseBuilder->delete()
#4 C:\xampp\htdocs\Jigokuraku\vendor\codeigniter4\framework\system\BaseModel.php(1065): CodeIgniter\Model->doDelete(Array, false)
#5 C:\xampp\htdocs\Jigokuraku\app\Controllers\Karakter.php(13): CodeIgniter\BaseModel->delete(Array)
#6 C:\xampp\htdocs\Jigokuraku\vendor\codeigniter4\framework\system\CodeIgniter.php(932): App\Controllers\Karakter->hapus('5')
#7 C:\xampp\htdocs\Jigokuraku\vendor\codeigniter4\framework\system\CodeIgniter.php(497): CodeIgniter\CodeIgniter->runController(Object(App\Controllers\Karakter))
#8 C:\xampp\htdocs\Jigokuraku\vendor\codeigniter4\framework\system\CodeIgniter.php(366): CodeIgniter\CodeIgniter->handleRequest(NULL, Object(Config\Cache), false)
#9 C:\xampp\htdocs\Jigokuraku\public\index.php(67): CodeIgniter\CodeIgniter->run()
#10 {main}
CRITICAL - 2023-07-08 23:20:44 --> Unable to connect to the database.
Main connection [MySQLi]: Access denied for user '****'@'localhost' (using password: YES)
in SYSTEMPATH\Database\BaseConnection.php on line 427.
 1 SYSTEMPATH\Database\BaseConnection.php(574): CodeIgniter\Database\BaseConnection->initialize()
 2 SYSTEMPATH\Database\BaseBuilder.php(2791): CodeIgniter\Database\BaseConnection->query('DELETE FROM `karakter`
WHERE `ID` IN :ID:', [...], false)
 3 SYSTEMPATH\Model.php(456): CodeIgniter\Database\BaseBuilder->delete()
 4 SYSTEMPATH\BaseModel.php(1065): CodeIgniter\Model->doDelete([...], false)
 5 APPPATH\Controllers\Karakter.php(13): CodeIgniter\BaseModel->delete([...])
 6 SYSTEMPATH\CodeIgniter.php(932): App\Controllers\Karakter->hapus('5')
 7 SYSTEMPATH\CodeIgniter.php(497): CodeIgniter\CodeIgniter->runController(Object(App\Controllers\Karakter))
 8 SYSTEMPATH\CodeIgniter.php(366): CodeIgniter\CodeIgniter->handleRequest(null, Object(Config\Cache), false)
 9 FCPATH\index.php(67): CodeIgniter\CodeIgniter->run()
ERROR - 2023-07-08 23:20:46 --> Error connecting to the database: mysqli_sql_exception: Access denied for user 'id21014358_root'@'localhost' (using password: YES) in C:\xampp\htdocs\Jigokuraku\vendor\codeigniter4\framework\system\Database\MySQLi\Connection.php:174
Stack trace:
#0 C:\xampp\htdocs\Jigokuraku\vendor\codeigniter4\framework\system\Database\MySQLi\Connection.php(174): mysqli->real_connect('localhost', 'id21014358_root', '@Abil773', 'id21014358_jigo...', 3306, '', 0)
#1 C:\xampp\htdocs\Jigokuraku\vendor\codeigniter4\framework\system\Database\BaseConnection.php(391): CodeIgniter\Database\MySQLi\Connection->connect(false)
#2 C:\xampp\htdocs\Jigokuraku\vendor\codeigniter4\framework\system\Database\BaseConnection.php(574): CodeIgniter\Database\BaseConnection->initialize()
#3 C:\xampp\htdocs\Jigokuraku\vendor\codeigniter4\framework\system\Database\BaseBuilder.php(2791): CodeIgniter\Database\BaseConnection->query('DELETE FROM `ka...', Array, false)
#4 C:\xampp\htdocs\Jigokuraku\vendor\codeigniter4\framework\system\Model.php(456): CodeIgniter\Database\BaseBuilder->delete()
#5 C:\xampp\htdocs\Jigokuraku\vendor\codeigniter4\framework\system\BaseModel.php(1065): CodeIgniter\Model->doDelete(Array, false)
#6 C:\xampp\htdocs\Jigokuraku\app\Controllers\Karakter.php(13): CodeIgniter\BaseModel->delete(Array)
#7 C:\xampp\htdocs\Jigokuraku\vendor\codeigniter4\framework\system\CodeIgniter.php(932): App\Controllers\Karakter->hapus('5')
#8 C:\xampp\htdocs\Jigokuraku\vendor\codeigniter4\framework\system\CodeIgniter.php(497): CodeIgniter\CodeIgniter->runController(Object(App\Controllers\Karakter))
#9 C:\xampp\htdocs\Jigokuraku\vendor\codeigniter4\framework\system\CodeIgniter.php(366): CodeIgniter\CodeIgniter->handleRequest(NULL, Object(Config\Cache), false)
#10 C:\xampp\htdocs\Jigokuraku\public\index.php(67): CodeIgniter\CodeIgniter->run()
#11 {main}

Next CodeIgniter\Database\Exceptions\DatabaseException: Access denied for user '****'@'localhost' (using password: YES) in C:\xampp\htdocs\Jigokuraku\vendor\codeigniter4\framework\system\Database\MySQLi\Connection.php:218
Stack trace:
#0 C:\xampp\htdocs\Jigokuraku\vendor\codeigniter4\framework\system\Database\BaseConnection.php(391): CodeIgniter\Database\MySQLi\Connection->connect(false)
#1 C:\xampp\htdocs\Jigokuraku\vendor\codeigniter4\framework\system\Database\BaseConnection.php(574): CodeIgniter\Database\BaseConnection->initialize()
#2 C:\xampp\htdocs\Jigokuraku\vendor\codeigniter4\framework\system\Database\BaseBuilder.php(2791): CodeIgniter\Database\BaseConnection->query('DELETE FROM `ka...', Array, false)
#3 C:\xampp\htdocs\Jigokuraku\vendor\codeigniter4\framework\system\Model.php(456): CodeIgniter\Database\BaseBuilder->delete()
#4 C:\xampp\htdocs\Jigokuraku\vendor\codeigniter4\framework\system\BaseModel.php(1065): CodeIgniter\Model->doDelete(Array, false)
#5 C:\xampp\htdocs\Jigokuraku\app\Controllers\Karakter.php(13): CodeIgniter\BaseModel->delete(Array)
#6 C:\xampp\htdocs\Jigokuraku\vendor\codeigniter4\framework\system\CodeIgniter.php(932): App\Controllers\Karakter->hapus('5')
#7 C:\xampp\htdocs\Jigokuraku\vendor\codeigniter4\framework\system\CodeIgniter.php(497): CodeIgniter\CodeIgniter->runController(Object(App\Controllers\Karakter))
#8 C:\xampp\htdocs\Jigokuraku\vendor\codeigniter4\framework\system\CodeIgniter.php(366): CodeIgniter\CodeIgniter->handleRequest(NULL, Object(Config\Cache), false)
#9 C:\xampp\htdocs\Jigokuraku\public\index.php(67): CodeIgniter\CodeIgniter->run()
#10 {main}
CRITICAL - 2023-07-08 23:20:46 --> Unable to connect to the database.
Main connection [MySQLi]: Access denied for user '****'@'localhost' (using password: YES)
in SYSTEMPATH\Database\BaseConnection.php on line 427.
 1 SYSTEMPATH\Database\BaseConnection.php(574): CodeIgniter\Database\BaseConnection->initialize()
 2 SYSTEMPATH\Database\BaseBuilder.php(2791): CodeIgniter\Database\BaseConnection->query('DELETE FROM `karakter`
WHERE `ID` IN :ID:', [...], false)
 3 SYSTEMPATH\Model.php(456): CodeIgniter\Database\BaseBuilder->delete()
 4 SYSTEMPATH\BaseModel.php(1065): CodeIgniter\Model->doDelete([...], false)
 5 APPPATH\Controllers\Karakter.php(13): CodeIgniter\BaseModel->delete([...])
 6 SYSTEMPATH\CodeIgniter.php(932): App\Controllers\Karakter->hapus('5')
 7 SYSTEMPATH\CodeIgniter.php(497): CodeIgniter\CodeIgniter->runController(Object(App\Controllers\Karakter))
 8 SYSTEMPATH\CodeIgniter.php(366): CodeIgniter\CodeIgniter->handleRequest(null, Object(Config\Cache), false)
 9 FCPATH\index.php(67): CodeIgniter\CodeIgniter->run()
ERROR - 2023-07-08 23:20:51 --> Error connecting to the database: mysqli_sql_exception: Access denied for user 'id21014358_root'@'localhost' (using password: YES) in C:\xampp\htdocs\Jigokuraku\vendor\codeigniter4\framework\system\Database\MySQLi\Connection.php:174
Stack trace:
#0 C:\xampp\htdocs\Jigokuraku\vendor\codeigniter4\framework\system\Database\MySQLi\Connection.php(174): mysqli->real_connect('localhost', 'id21014358_root', '@Abil773', 'id21014358_jigo...', 3306, '', 0)
#1 C:\xampp\htdocs\Jigokuraku\vendor\codeigniter4\framework\system\Database\BaseConnection.php(391): CodeIgniter\Database\MySQLi\Connection->connect(false)
#2 C:\xampp\htdocs\Jigokuraku\vendor\codeigniter4\framework\system\Database\BaseConnection.php(574): CodeIgniter\Database\BaseConnection->initialize()
#3 C:\xampp\htdocs\Jigokuraku\vendor\codeigniter4\framework\system\Database\BaseBuilder.php(1700): CodeIgniter\Database\BaseConnection->query('SELECT COUNT(*)...', Array, false)
#4 C:\xampp\htdocs\Jigokuraku\vendor\codeigniter4\framework\system\Model.php(606): CodeIgniter\Database\BaseBuilder->countAllResults(false)
#5 C:\xampp\htdocs\Jigokuraku\vendor\codeigniter4\framework\system\BaseModel.php(1188): CodeIgniter\Model->countAllResults(false)
#6 C:\xampp\htdocs\Jigokuraku\app\Controllers\Karakter.php(89): CodeIgniter\BaseModel->paginate(10)
#7 C:\xampp\htdocs\Jigokuraku\vendor\codeigniter4\framework\system\CodeIgniter.php(932): App\Controllers\Karakter->index()
#8 C:\xampp\htdocs\Jigokuraku\vendor\codeigniter4\framework\system\CodeIgniter.php(497): CodeIgniter\CodeIgniter->runController(Object(App\Controllers\Karakter))
#9 C:\xampp\htdocs\Jigokuraku\vendor\codeigniter4\framework\system\CodeIgniter.php(366): CodeIgniter\CodeIgniter->handleRequest(NULL, Object(Config\Cache), false)
#10 C:\xampp\htdocs\Jigokuraku\public\index.php(67): CodeIgniter\CodeIgniter->run()
#11 {main}

Next CodeIgniter\Database\Exceptions\DatabaseException: Access denied for user '****'@'localhost' (using password: YES) in C:\xampp\htdocs\Jigokuraku\vendor\codeigniter4\framework\system\Database\MySQLi\Connection.php:218
Stack trace:
#0 C:\xampp\htdocs\Jigokuraku\vendor\codeigniter4\framework\system\Database\BaseConnection.php(391): CodeIgniter\Database\MySQLi\Connection->connect(false)
#1 C:\xampp\htdocs\Jigokuraku\vendor\codeigniter4\framework\system\Database\BaseConnection.php(574): CodeIgniter\Database\BaseConnection->initialize()
#2 C:\xampp\htdocs\Jigokuraku\vendor\codeigniter4\framework\system\Database\BaseBuilder.php(1700): CodeIgniter\Database\BaseConnection->query('SELECT COUNT(*)...', Array, false)
#3 C:\xampp\htdocs\Jigokuraku\vendor\codeigniter4\framework\system\Model.php(606): CodeIgniter\Database\BaseBuilder->countAllResults(false)
#4 C:\xampp\htdocs\Jigokuraku\vendor\codeigniter4\framework\system\BaseModel.php(1188): CodeIgniter\Model->countAllResults(false)
#5 C:\xampp\htdocs\Jigokuraku\app\Controllers\Karakter.php(89): CodeIgniter\BaseModel->paginate(10)
#6 C:\xampp\htdocs\Jigokuraku\vendor\codeigniter4\framework\system\CodeIgniter.php(932): App\Controllers\Karakter->index()
#7 C:\xampp\htdocs\Jigokuraku\vendor\codeigniter4\framework\system\CodeIgniter.php(497): CodeIgniter\CodeIgniter->runController(Object(App\Controllers\Karakter))
#8 C:\xampp\htdocs\Jigokuraku\vendor\codeigniter4\framework\system\CodeIgniter.php(366): CodeIgniter\CodeIgniter->handleRequest(NULL, Object(Config\Cache), false)
#9 C:\xampp\htdocs\Jigokuraku\public\index.php(67): CodeIgniter\CodeIgniter->run()
#10 {main}
CRITICAL - 2023-07-08 23:20:51 --> Unable to connect to the database.
Main connection [MySQLi]: Access denied for user '****'@'localhost' (using password: YES)
in SYSTEMPATH\Database\BaseConnection.php on line 427.
 1 SYSTEMPATH\Database\BaseConnection.php(574): CodeIgniter\Database\BaseConnection->initialize()
 2 SYSTEMPATH\Database\BaseBuilder.php(1700): CodeIgniter\Database\BaseConnection->query('SELECT COUNT(*) AS `numrows`
FROM `karakter`', [], false)
 3 SYSTEMPATH\Model.php(606): CodeIgniter\Database\BaseBuilder->countAllResults(false)
 4 SYSTEMPATH\BaseModel.php(1188): CodeIgniter\Model->countAllResults(false)
 5 APPPATH\Controllers\Karakter.php(89): CodeIgniter\BaseModel->paginate(10)
 6 SYSTEMPATH\CodeIgniter.php(932): App\Controllers\Karakter->index()
 7 SYSTEMPATH\CodeIgniter.php(497): CodeIgniter\CodeIgniter->runController(Object(App\Controllers\Karakter))
 8 SYSTEMPATH\CodeIgniter.php(366): CodeIgniter\CodeIgniter->handleRequest(null, Object(Config\Cache), false)
 9 FCPATH\index.php(67): CodeIgniter\CodeIgniter->run()
ERROR - 2023-07-08 23:20:54 --> Error connecting to the database: mysqli_sql_exception: Access denied for user 'id21014358_root'@'localhost' (using password: YES) in C:\xampp\htdocs\Jigokuraku\vendor\codeigniter4\framework\system\Database\MySQLi\Connection.php:174
Stack trace:
#0 C:\xampp\htdocs\Jigokuraku\vendor\codeigniter4\framework\system\Database\MySQLi\Connection.php(174): mysqli->real_connect('localhost', 'id21014358_root', '@Abil773', 'id21014358_jigo...', 3306, '', 0)
#1 C:\xampp\htdocs\Jigokuraku\vendor\codeigniter4\framework\system\Database\BaseConnection.php(391): CodeIgniter\Database\MySQLi\Connection->connect(false)
#2 C:\xampp\htdocs\Jigokuraku\vendor\codeigniter4\framework\system\Database\BaseConnection.php(574): CodeIgniter\Database\BaseConnection->initialize()
#3 C:\xampp\htdocs\Jigokuraku\vendor\codeigniter4\framework\system\Database\BaseBuilder.php(1700): CodeIgniter\Database\BaseConnection->query('SELECT COUNT(*)...', Array, false)
#4 C:\xampp\htdocs\Jigokuraku\vendor\codeigniter4\framework\system\Model.php(606): CodeIgniter\Database\BaseBuilder->countAllResults(false)
#5 C:\xampp\htdocs\Jigokuraku\vendor\codeigniter4\framework\system\BaseModel.php(1188): CodeIgniter\Model->countAllResults(false)
#6 C:\xampp\htdocs\Jigokuraku\app\Controllers\Karakter.php(89): CodeIgniter\BaseModel->paginate(10)
#7 C:\xampp\htdocs\Jigokuraku\vendor\codeigniter4\framework\system\CodeIgniter.php(932): App\Controllers\Karakter->index()
#8 C:\xampp\htdocs\Jigokuraku\vendor\codeigniter4\framework\system\CodeIgniter.php(497): CodeIgniter\CodeIgniter->runController(Object(App\Controllers\Karakter))
#9 C:\xampp\htdocs\Jigokuraku\vendor\codeigniter4\framework\system\CodeIgniter.php(366): CodeIgniter\CodeIgniter->handleRequest(NULL, Object(Config\Cache), false)
#10 C:\xampp\htdocs\Jigokuraku\public\index.php(67): CodeIgniter\CodeIgniter->run()
#11 {main}

Next CodeIgniter\Database\Exceptions\DatabaseException: Access denied for user '****'@'localhost' (using password: YES) in C:\xampp\htdocs\Jigokuraku\vendor\codeigniter4\framework\system\Database\MySQLi\Connection.php:218
Stack trace:
#0 C:\xampp\htdocs\Jigokuraku\vendor\codeigniter4\framework\system\Database\BaseConnection.php(391): CodeIgniter\Database\MySQLi\Connection->connect(false)
#1 C:\xampp\htdocs\Jigokuraku\vendor\codeigniter4\framework\system\Database\BaseConnection.php(574): CodeIgniter\Database\BaseConnection->initialize()
#2 C:\xampp\htdocs\Jigokuraku\vendor\codeigniter4\framework\system\Database\BaseBuilder.php(1700): CodeIgniter\Database\BaseConnection->query('SELECT COUNT(*)...', Array, false)
#3 C:\xampp\htdocs\Jigokuraku\vendor\codeigniter4\framework\system\Model.php(606): CodeIgniter\Database\BaseBuilder->countAllResults(false)
#4 C:\xampp\htdocs\Jigokuraku\vendor\codeigniter4\framework\system\BaseModel.php(1188): CodeIgniter\Model->countAllResults(false)
#5 C:\xampp\htdocs\Jigokuraku\app\Controllers\Karakter.php(89): CodeIgniter\BaseModel->paginate(10)
#6 C:\xampp\htdocs\Jigokuraku\vendor\codeigniter4\framework\system\CodeIgniter.php(932): App\Controllers\Karakter->index()
#7 C:\xampp\htdocs\Jigokuraku\vendor\codeigniter4\framework\system\CodeIgniter.php(497): CodeIgniter\CodeIgniter->runController(Object(App\Controllers\Karakter))
#8 C:\xampp\htdocs\Jigokuraku\vendor\codeigniter4\framework\system\CodeIgniter.php(366): CodeIgniter\CodeIgniter->handleRequest(NULL, Object(Config\Cache), false)
#9 C:\xampp\htdocs\Jigokuraku\public\index.php(67): CodeIgniter\CodeIgniter->run()
#10 {main}
CRITICAL - 2023-07-08 23:20:54 --> Unable to connect to the database.
Main connection [MySQLi]: Access denied for user '****'@'localhost' (using password: YES)
in SYSTEMPATH\Database\BaseConnection.php on line 427.
 1 SYSTEMPATH\Database\BaseConnection.php(574): CodeIgniter\Database\BaseConnection->initialize()
 2 SYSTEMPATH\Database\BaseBuilder.php(1700): CodeIgniter\Database\BaseConnection->query('SELECT COUNT(*) AS `numrows`
FROM `karakter`', [], false)
 3 SYSTEMPATH\Model.php(606): CodeIgniter\Database\BaseBuilder->countAllResults(false)
 4 SYSTEMPATH\BaseModel.php(1188): CodeIgniter\Model->countAllResults(false)
 5 APPPATH\Controllers\Karakter.php(89): CodeIgniter\BaseModel->paginate(10)
 6 SYSTEMPATH\CodeIgniter.php(932): App\Controllers\Karakter->index()
 7 SYSTEMPATH\CodeIgniter.php(497): CodeIgniter\CodeIgniter->runController(Object(App\Controllers\Karakter))
 8 SYSTEMPATH\CodeIgniter.php(366): CodeIgniter\CodeIgniter->handleRequest(null, Object(Config\Cache), false)
 9 FCPATH\index.php(67): CodeIgniter\CodeIgniter->run()
ERROR - 2023-07-08 23:21:25 --> Error connecting to the database: mysqli_sql_exception: Access denied for user 'id21014358_root'@'localhost' (using password: YES) in C:\xampp\htdocs\Jigokuraku\vendor\codeigniter4\framework\system\Database\MySQLi\Connection.php:174
Stack trace:
#0 C:\xampp\htdocs\Jigokuraku\vendor\codeigniter4\framework\system\Database\MySQLi\Connection.php(174): mysqli->real_connect('localhost', 'id21014358_root', '@Abil773', 'id21014358_jigo...', 3306, '', 0)
#1 C:\xampp\htdocs\Jigokuraku\vendor\codeigniter4\framework\system\Database\BaseConnection.php(391): CodeIgniter\Database\MySQLi\Connection->connect(false)
#2 C:\xampp\htdocs\Jigokuraku\vendor\codeigniter4\framework\system\Database\BaseConnection.php(574): CodeIgniter\Database\BaseConnection->initialize()
#3 C:\xampp\htdocs\Jigokuraku\vendor\codeigniter4\framework\system\Database\BaseBuilder.php(2791): CodeIgniter\Database\BaseConnection->query('DELETE FROM `ka...', Array, false)
#4 C:\xampp\htdocs\Jigokuraku\vendor\codeigniter4\framework\system\Model.php(456): CodeIgniter\Database\BaseBuilder->delete()
#5 C:\xampp\htdocs\Jigokuraku\vendor\codeigniter4\framework\system\BaseModel.php(1065): CodeIgniter\Model->doDelete(Array, false)
#6 C:\xampp\htdocs\Jigokuraku\app\Controllers\Karakter.php(13): CodeIgniter\BaseModel->delete(Array)
#7 C:\xampp\htdocs\Jigokuraku\vendor\codeigniter4\framework\system\CodeIgniter.php(932): App\Controllers\Karakter->hapus('5')
#8 C:\xampp\htdocs\Jigokuraku\vendor\codeigniter4\framework\system\CodeIgniter.php(497): CodeIgniter\CodeIgniter->runController(Object(App\Controllers\Karakter))
#9 C:\xampp\htdocs\Jigokuraku\vendor\codeigniter4\framework\system\CodeIgniter.php(366): CodeIgniter\CodeIgniter->handleRequest(NULL, Object(Config\Cache), false)
#10 C:\xampp\htdocs\Jigokuraku\public\index.php(67): CodeIgniter\CodeIgniter->run()
#11 {main}

Next CodeIgniter\Database\Exceptions\DatabaseException: Access denied for user '****'@'localhost' (using password: YES) in C:\xampp\htdocs\Jigokuraku\vendor\codeigniter4\framework\system\Database\MySQLi\Connection.php:218
Stack trace:
#0 C:\xampp\htdocs\Jigokuraku\vendor\codeigniter4\framework\system\Database\BaseConnection.php(391): CodeIgniter\Database\MySQLi\Connection->connect(false)
#1 C:\xampp\htdocs\Jigokuraku\vendor\codeigniter4\framework\system\Database\BaseConnection.php(574): CodeIgniter\Database\BaseConnection->initialize()
#2 C:\xampp\htdocs\Jigokuraku\vendor\codeigniter4\framework\system\Database\BaseBuilder.php(2791): CodeIgniter\Database\BaseConnection->query('DELETE FROM `ka...', Array, false)
#3 C:\xampp\htdocs\Jigokuraku\vendor\codeigniter4\framework\system\Model.php(456): CodeIgniter\Database\BaseBuilder->delete()
#4 C:\xampp\htdocs\Jigokuraku\vendor\codeigniter4\framework\system\BaseModel.php(1065): CodeIgniter\Model->doDelete(Array, false)
#5 C:\xampp\htdocs\Jigokuraku\app\Controllers\Karakter.php(13): CodeIgniter\BaseModel->delete(Array)
#6 C:\xampp\htdocs\Jigokuraku\vendor\codeigniter4\framework\system\CodeIgniter.php(932): App\Controllers\Karakter->hapus('5')
#7 C:\xampp\htdocs\Jigokuraku\vendor\codeigniter4\framework\system\CodeIgniter.php(497): CodeIgniter\CodeIgniter->runController(Object(App\Controllers\Karakter))
#8 C:\xampp\htdocs\Jigokuraku\vendor\codeigniter4\framework\system\CodeIgniter.php(366): CodeIgniter\CodeIgniter->handleRequest(NULL, Object(Config\Cache), false)
#9 C:\xampp\htdocs\Jigokuraku\public\index.php(67): CodeIgniter\CodeIgniter->run()
#10 {main}
CRITICAL - 2023-07-08 23:21:25 --> Unable to connect to the database.
Main connection [MySQLi]: Access denied for user '****'@'localhost' (using password: YES)
in SYSTEMPATH\Database\BaseConnection.php on line 427.
 1 SYSTEMPATH\Database\BaseConnection.php(574): CodeIgniter\Database\BaseConnection->initialize()
 2 SYSTEMPATH\Database\BaseBuilder.php(2791): CodeIgniter\Database\BaseConnection->query('DELETE FROM `karakter`
WHERE `ID` IN :ID:', [...], false)
 3 SYSTEMPATH\Model.php(456): CodeIgniter\Database\BaseBuilder->delete()
 4 SYSTEMPATH\BaseModel.php(1065): CodeIgniter\Model->doDelete([...], false)
 5 APPPATH\Controllers\Karakter.php(13): CodeIgniter\BaseModel->delete([...])
 6 SYSTEMPATH\CodeIgniter.php(932): App\Controllers\Karakter->hapus('5')
 7 SYSTEMPATH\CodeIgniter.php(497): CodeIgniter\CodeIgniter->runController(Object(App\Controllers\Karakter))
 8 SYSTEMPATH\CodeIgniter.php(366): CodeIgniter\CodeIgniter->handleRequest(null, Object(Config\Cache), false)
 9 FCPATH\index.php(67): CodeIgniter\CodeIgniter->run()
ERROR - 2023-07-08 23:27:53 --> Error connecting to the database: mysqli_sql_exception: Access denied for user 'id21014358_root'@'localhost' (using password: YES) in C:\xampp\htdocs\Jigokuraku\vendor\codeigniter4\framework\system\Database\MySQLi\Connection.php:174
Stack trace:
#0 C:\xampp\htdocs\Jigokuraku\vendor\codeigniter4\framework\system\Database\MySQLi\Connection.php(174): mysqli->real_connect('localhost', 'id21014358_root', '@Abil773', 'id21014358_jigo...', 3306, '', 0)
#1 C:\xampp\htdocs\Jigokuraku\vendor\codeigniter4\framework\system\Database\BaseConnection.php(391): CodeIgniter\Database\MySQLi\Connection->connect(false)
#2 C:\xampp\htdocs\Jigokuraku\vendor\codeigniter4\framework\system\Database\BaseConnection.php(574): CodeIgniter\Database\BaseConnection->initialize()
#3 C:\xampp\htdocs\Jigokuraku\vendor\codeigniter4\framework\system\Database\BaseBuilder.php(2791): CodeIgniter\Database\BaseConnection->query('DELETE FROM `ka...', Array, false)
#4 C:\xampp\htdocs\Jigokuraku\vendor\codeigniter4\framework\system\Model.php(456): CodeIgniter\Database\BaseBuilder->delete()
#5 C:\xampp\htdocs\Jigokuraku\vendor\codeigniter4\framework\system\BaseModel.php(1065): CodeIgniter\Model->doDelete(Array, false)
#6 C:\xampp\htdocs\Jigokuraku\app\Controllers\Karakter.php(13): CodeIgniter\BaseModel->delete(Array)
#7 C:\xampp\htdocs\Jigokuraku\vendor\codeigniter4\framework\system\CodeIgniter.php(932): App\Controllers\Karakter->hapus('5')
#8 C:\xampp\htdocs\Jigokuraku\vendor\codeigniter4\framework\system\CodeIgniter.php(497): CodeIgniter\CodeIgniter->runController(Object(App\Controllers\Karakter))
#9 C:\xampp\htdocs\Jigokuraku\vendor\codeigniter4\framework\system\CodeIgniter.php(366): CodeIgniter\CodeIgniter->handleRequest(NULL, Object(Config\Cache), false)
#10 C:\xampp\htdocs\Jigokuraku\public\index.php(67): CodeIgniter\CodeIgniter->run()
#11 {main}

Next CodeIgniter\Database\Exceptions\DatabaseException: Access denied for user '****'@'localhost' (using password: YES) in C:\xampp\htdocs\Jigokuraku\vendor\codeigniter4\framework\system\Database\MySQLi\Connection.php:218
Stack trace:
#0 C:\xampp\htdocs\Jigokuraku\vendor\codeigniter4\framework\system\Database\BaseConnection.php(391): CodeIgniter\Database\MySQLi\Connection->connect(false)
#1 C:\xampp\htdocs\Jigokuraku\vendor\codeigniter4\framework\system\Database\BaseConnection.php(574): CodeIgniter\Database\BaseConnection->initialize()
#2 C:\xampp\htdocs\Jigokuraku\vendor\codeigniter4\framework\system\Database\BaseBuilder.php(2791): CodeIgniter\Database\BaseConnection->query('DELETE FROM `ka...', Array, false)
#3 C:\xampp\htdocs\Jigokuraku\vendor\codeigniter4\framework\system\Model.php(456): CodeIgniter\Database\BaseBuilder->delete()
#4 C:\xampp\htdocs\Jigokuraku\vendor\codeigniter4\framework\system\BaseModel.php(1065): CodeIgniter\Model->doDelete(Array, false)
#5 C:\xampp\htdocs\Jigokuraku\app\Controllers\Karakter.php(13): CodeIgniter\BaseModel->delete(Array)
#6 C:\xampp\htdocs\Jigokuraku\vendor\codeigniter4\framework\system\CodeIgniter.php(932): App\Controllers\Karakter->hapus('5')
#7 C:\xampp\htdocs\Jigokuraku\vendor\codeigniter4\framework\system\CodeIgniter.php(497): CodeIgniter\CodeIgniter->runController(Object(App\Controllers\Karakter))
#8 C:\xampp\htdocs\Jigokuraku\vendor\codeigniter4\framework\system\CodeIgniter.php(366): CodeIgniter\CodeIgniter->handleRequest(NULL, Object(Config\Cache), false)
#9 C:\xampp\htdocs\Jigokuraku\public\index.php(67): CodeIgniter\CodeIgniter->run()
#10 {main}
CRITICAL - 2023-07-08 23:27:53 --> Unable to connect to the database.
Main connection [MySQLi]: Access denied for user '****'@'localhost' (using password: YES)
in SYSTEMPATH\Database\BaseConnection.php on line 427.
 1 SYSTEMPATH\Database\BaseConnection.php(574): CodeIgniter\Database\BaseConnection->initialize()
 2 SYSTEMPATH\Database\BaseBuilder.php(2791): CodeIgniter\Database\BaseConnection->query('DELETE FROM `karakter`
WHERE `ID` IN :ID:', [...], false)
 3 SYSTEMPATH\Model.php(456): CodeIgniter\Database\BaseBuilder->delete()
 4 SYSTEMPATH\BaseModel.php(1065): CodeIgniter\Model->doDelete([...], false)
 5 APPPATH\Controllers\Karakter.php(13): CodeIgniter\BaseModel->delete([...])
 6 SYSTEMPATH\CodeIgniter.php(932): App\Controllers\Karakter->hapus('5')
 7 SYSTEMPATH\CodeIgniter.php(497): CodeIgniter\CodeIgniter->runController(Object(App\Controllers\Karakter))
 8 SYSTEMPATH\CodeIgniter.php(366): CodeIgniter\CodeIgniter->handleRequest(null, Object(Config\Cache), false)
 9 FCPATH\index.php(67): CodeIgniter\CodeIgniter->run()
